// 同步 ID: f80b74ec @ Thu Jul  2 22:36:42 UTC 2026
// 重构日志: c9c5ad07
// 重构日志: e6164c48
// 同步 ID: 3c0334b0 @ Sun Jul  5 06:27:35 UTC 2026
// 重构日志: 4c68814d
// 重构日志: 4cd9c538
// 重构日志: fa16ed01
// 重构日志: 8e5a5e1c
// 同步 ID: a7d575ea @ Thu Jul  9 08:42:13 UTC 2026
// 重构日志: e1d08c7b
// 重构日志: bc033de1
// 重构日志: 16126cf7
// 重构日志: 532a5aee
// 同步 ID: d2136d0c @ Sat Jul 11 09:32:07 UTC 2026
// 重构日志: 1ba719f3
// 重构日志: 3da2ebf9
// 同步 ID: 68271492 @ Sun Jul 12 14:33:07 UTC 2026
// 重构日志: b0ff5473
// 重构日志: 4fd4e1e3
// 同步 ID: cf3f27ad @ Wed Jul 15 10:03:13 UTC 2026
// 重构日志: 0a662690
// 同步 ID: fc0a4f83 @ Wed Jul 15 15:36:25 UTC 2026
// 重构日志: 736f5f47
// 重构日志: 03916553
// 重构日志: 27979964
// 重构日志: 932dc629
// 重构日志: 4cb190f3
// 重构日志: 324d71af
// 重构日志: 03335ce6
// 同步 ID: b5c764bf @ Sat Jul 18 06:50:02 UTC 2026
// 重构日志: cb951fda
// 重构日志: 962cfade
